#
# A fatal error has been detected by the Java Runtime Environment:
#
#  EXCEPTION_PRIV_INSTRUCTION (0xc0000096) at pc=0x0000022ab3e58d1b, pid=5468, tid=7044
#
# JRE version: OpenJDK Runtime Environment AdoptOpenJDK-11.0.11+9 (11.0.11+9) (build 11.0.11+9)
# Java VM: OpenJDK 64-Bit Server VM AdoptOpenJDK-11.0.11+9 (11.0.11+9, mixed mode, tiered, compressed oops, g1 gc, windows-amd64)
# Problematic frame:
# j  ru.netology.domian.Radio.setCurrentStation(I)V+-383013808
#
# No core dump will be written. Minidumps are not enabled by default on client versions of Windows
#
# If you would like to submit a bug report, please visit:
#   https://github.com/AdoptOpenJDK/openjdk-support/issues
#

---------------  S U M M A R Y ------------

Command Line: -agentlib:jdwp=transport=dt_socket,address=127.0.0.1:64629,suspend=y,server=n -ea -Didea.test.cyclic.buffer.size=1048576 -javaagent:C:\Users\79015\AppData\Local\JetBrains\IdeaIC2021.2\captureAgent\debugger-agent.jar -Dfile.encoding=UTF-8 com.intellij.rt.junit.JUnitStarter -ideVersion5 -junit5 ru.netology.domian.RadioTest

Host: Intel(R) Core(TM) i5-7300HQ CPU @ 2.50GHz, 4 cores, 15G,  Windows 10 , 64 bit Build 19041 (10.0.19041.1202)
Time: Mon Oct 25 15:02:33 2021 RTZ 2 (зима) elapsed time: 1277.670593 seconds (0d 0h 21m 17s)

---------------  T H R E A D  ---------------

Current thread (0x0000022aa9f0b000):  JavaThread "main" [_thread_in_Java, id=7044, stack(0x0000004fbab00000,0x0000004fbac00000)]

Stack: [0x0000004fbab00000,0x0000004fbac00000],  sp=0x0000004fbabfcc00,  free space=1011k
Native frames: (J=compiled Java code, j=interpreted, Vv=VM code, C=native code)
C  0x0000022ab3e58d1b


siginfo: EXCEPTION_PRIV_INSTRUCTION (0xc0000096)


Register to memory mapping:

RIP=0x0000022ab3e58d1b is at code_begin+27 in an Interpreter codelet
error exits  [0x0000022ab3e58d00, 0x0000022ab3e58d40]  64 bytes
RAX=0x0 is NULL
RBX=0x00000000000000ff is an unknown value
RCX=0x0 is NULL
RDX=0x0 is NULL
RSP=0x0000004fbabfcc00 is pointing into the stack for thread: 0x0000022aa9f0b000
RBP=0x0000004fbabfcc50 is pointing into the stack for thread: 0x0000022aa9f0b000
RSI=0x0 is NULL
RDI=0x0000000000000001 is an unknown value
R8 =0x0000000000000048 is an unknown value
R9 =0x0000000000000048 is an unknown value
R10=0x0 is NULL
R11=0x0000000000000048 is an unknown value
R12=0x0 is NULL
R13=0x0000022ad194201a is pointing into metadata
R14=0x0000004fbabfcc68 is pointing into the stack for thread: 0x0000022aa9f0b000
R15=0x0000022aa9f0b000 is a thread


Registers:
RAX=0x0000000000000000, RBX=0x00000000000000ff, RCX=0x0000000000000000, RDX=0x0000000000000000
RSP=0x0000004fbabfcc00, RBP=0x0000004fbabfcc50, RSI=0x0000000000000000, RDI=0x0000000000000001
R8 =0x0000000000000048, R9 =0x0000000000000048, R10=0x0000000000000000, R11=0x0000000000000048
R12=0x0000000000000000, R13=0x0000022ad194201a, R14=0x0000004fbabfcc68, R15=0x0000022aa9f0b000
RIP=0x0000022ab3e58d1b, EFLAGS=0x0000000000010206

Top of Stack: (sp=0x0000004fbabfcc00)
0x0000004fbabfcc00:   0000000711975d00 00000000000000ff
0x0000004fbabfcc10:   0000004fbabfcc50 0000000000000000
0x0000004fbabfcc20:   0000022ad1942830 0000000000000000
0x0000004fbabfcc30:   0000000711add9f0 0000022ad1942040
0x0000004fbabfcc40:   0000000000000000 0000004fbabfcc60
0x0000004fbabfcc50:   0000004fbabfccb8 0000022ab3e5ccfd
0x0000004fbabfcc60:   0000000000000009 0000000711975d00
0x0000004fbabfcc70:   0000004fbabfcc70 0000022ad095ef1d
0x0000004fbabfcc80:   0000004fbabfcce0 0000022ad19406a0
0x0000004fbabfcc90:   0000000000000000 0000000710d64ae0
0x0000004fbabfcca0:   0000022ad095ef78 0000004fbabfcc60
0x0000004fbabfccb0:   0000004fbabfcce0 0000004fbabfcec0
0x0000004fbabfccc0:   0000022ab3e50e10 0000000000000000
0x0000004fbabfccd0:   0000000000000000 0000000711975d00
0x0000004fbabfcce0:   000000071196f528 00007ffe44b3d4bc
0x0000004fbabfccf0:   0000022aa9f0bbe8 00000000000003d8 

Instructions: (pc=0x0000022ab3e58d1b)
0x0000022ab3e58c1b:   8b 6d c0 4c 8b 75 c8 c3 44 8b 4c 24 18 41 f7 c1
0x0000022ab3e58c2b:   01 00 00 00 0f 85 15 00 00 00 44 8b 53 20 41 f7
0x0000022ab3e58c3b:   c2 08 00 00 00 48 0f 44 14 24 e9 1c 00 00 00 41
0x0000022ab3e58c4b:   f7 c1 02 00 00 00 0f 85 0a 00 00 00 c5 fa 10 0c
0x0000022ab3e58c5b:   24 e9 05 00 00 00 c5 fb 10 0c 24 41 f7 c1 04 00
0x0000022ab3e58c6b:   00 00 0f 85 0a 00 00 00 4c 8b 44 24 08 e9 1e 00
0x0000022ab3e58c7b:   00 00 41 f7 c1 08 00 00 00 0f 85 0b 00 00 00 c5
0x0000022ab3e58c8b:   fa 10 54 24 08 e9 06 00 00 00 c5 fb 10 54 24 08
0x0000022ab3e58c9b:   41 f7 c1 10 00 00 00 0f 85 0a 00 00 00 4c 8b 4c
0x0000022ab3e58cab:   24 10 e9 1e 00 00 00 41 f7 c1 20 00 00 00 0f 85
0x0000022ab3e58cbb:   0b 00 00 00 c5 fa 10 5c 24 10 e9 06 00 00 00 c5
0x0000022ab3e58ccb:   fb 10 5c 24 10 48 83 c4 20 c3 66 66 90 00 00 00
0x0000022ab3e58cdb:   00 00 00 00 00 60 00 00 00 00 00 00 00 00 8c 22
0x0000022ab3e58ceb:   45 fe 7f 00 00 ff ff ff ff 00 00 00 00 00 00 00
0x0000022ab3e58cfb:   00 00 00 00 00 48 b9 10 8c 22 45 fe 7f 00 00 48
0x0000022ab3e58d0b:   83 e4 f0 49 ba 70 28 e7 44 fe 7f 00 00 41 ff d2
0x0000022ab3e58d1b:   f4 48 b9 28 8c 22 45 fe 7f 00 00 48 83 e4 f0 49
0x0000022ab3e58d2b:   ba 70 28 e7 44 fe 7f 00 00 41 ff d2 f4 00 00 00
0x0000022ab3e58d3b:   00 00 00 00 00 00 22 00 00 00 00 00 00 58 8c 22
0x0000022ab3e58d4b:   45 fe 7f 00 00 ff ff ff ff 00 00 00 00 00 00 00
0x0000022ab3e58d5b:   00 00 00 00 00 48 8b 65 f0 48 c7 45 f0 00 00 00
0x0000022ab3e58d6b:   00 4c 8b 6d c0 4c 8b 75 c8 41 0f b7 4d 01 48 8b
0x0000022ab3e58d7b:   5d d0 c1 e1 02 8b 5c cb 38 81 e3 ff 00 00 00 48
0x0000022ab3e58d8b:   8d 24 dc 41 8b 8f 4c 04 00 00 f7 c1 01 00 00 00
0x0000022ab3e58d9b:   0f 84 49 00 00 00 f7 c1 02 00 00 00 0f 85 3d 00
0x0000022ab3e58dab:   00 00 48 83 ec 20 f7 c4 0f 00 00 00 0f 84 1a 00
0x0000022ab3e58dbb:   00 00 48 83 ec 08 49 ba 10 35 ca 44 fe 7f 00 00
0x0000022ab3e58dcb:   41 ff d2 48 83 c4 08 e9 0d 00 00 00 49 ba 10 35
0x0000022ab3e58ddb:   ca 44 fe 7f 00 00 41 ff d2 48 83 c4 20 ff e0 49
0x0000022ab3e58deb:   8b 8f 90 04 00 00 48 85 c9 0f 84 56 00 00 00 8b
0x0000022ab3e58dfb:   49 7c 83 f9 01 0f 85 4a 00 00 00 49 8b 8f 90 04
0x0000022ab3e58e0b:   00 00 8b 89 80 00 00 00 48 83 ec 20 f7 c4 0f 00 


Stack slot to memory mapping:
stack at sp + 0 slots: 0x0000000711975d00 is an oop: ru.netology.domian.Radio 
{0x0000000711975d00} - klass: 'ru/netology/domian/Radio'
stack at sp + 1 slots: 0x00000000000000ff is an unknown value
stack at sp + 2 slots: 0x0000004fbabfcc50 is pointing into the stack for thread: 0x0000022aa9f0b000
stack at sp + 3 slots: 0x0 is NULL
stack at sp + 4 slots: 0x0000022ad1942830 is pointing into metadata
stack at sp + 5 slots: 0x0 is NULL
stack at sp + 6 slots: 0x0000000711add9f0 is an oop: java.lang.Class 
{0x0000000711add9f0} - klass: 'java/lang/Class'
stack at sp + 7 slots: {method} {0x0000022ad1942048} 'setCurrentStation' '(I)V' in 'ru/netology/domian/Radio'

error exits  [0x0000022ab3e58d00, 0x0000022ab3e58d40]  64 bytes

---------------  P R O C E S S  ---------------

Threads class SMR info:
_java_thread_list=0x0000022ad07147e0, length=12, elements={
0x0000022aa9f0b000, 0x0000022acfac9000, 0x0000022acfad2800, 0x0000022acfb2b000,
0x0000022acfb2c000, 0x0000022acfb2d800, 0x0000022acfb32000, 0x0000022acfb3e800,
0x0000022acfb44800, 0x0000022acfca7800, 0x0000022acff8e000, 0x0000022ad0731000
}

Java Threads: ( => current thread )
=>0x0000022aa9f0b000 JavaThread "main" [_thread_in_Java, id=7044, stack(0x0000004fbab00000,0x0000004fbac00000)]
  0x0000022acfac9000 JavaThread "Reference Handler" daemon [_thread_blocked, id=8660, stack(0x0000004fbb200000,0x0000004fbb300000)]
  0x0000022acfad2800 JavaThread "Finalizer" daemon [_thread_blocked, id=6724, stack(0x0000004fbb300000,0x0000004fbb400000)]
  0x0000022acfb2b000 JavaThread "Signal Dispatcher" daemon [_thread_blocked, id=16204, stack(0x0000004fbb400000,0x0000004fbb500000)]
  0x0000022acfb2c000 JavaThread "Attach Listener" daemon [_thread_blocked, id=8740, stack(0x0000004fbb500000,0x0000004fbb600000)]
  0x0000022acfb2d800 JavaThread "Service Thread" daemon [_thread_blocked, id=9180, stack(0x0000004fbb600000,0x0000004fbb700000)]
  0x0000022acfb32000 JavaThread "C2 CompilerThread0" daemon [_thread_blocked, id=5832, stack(0x0000004fbb700000,0x0000004fbb800000)]
  0x0000022acfb3e800 JavaThread "C1 CompilerThread0" daemon [_thread_blocked, id=10500, stack(0x0000004fbb800000,0x0000004fbb900000)]
  0x0000022acfb44800 JavaThread "Sweeper thread" daemon [_thread_blocked, id=15032, stack(0x0000004fbb900000,0x0000004fbba00000)]
  0x0000022acfca7800 JavaThread "Common-Cleaner" daemon [_thread_blocked, id=5176, stack(0x0000004fbba00000,0x0000004fbbb00000)]
  0x0000022acff8e000 JavaThread "JDWP Event Helper Thread" daemon [_thread_blocked, id=12280, stack(0x0000004fbbd00000,0x0000004fbbe00000)]
  0x0000022ad0731000 JavaThread "SIGINT handler" daemon [_thread_blocked, id=12184, stack(0x0000004fba800000,0x0000004fba900000)]

Other Threads:
  0x0000022acfaa3000 VMThread "VM Thread" [stack: 0x0000004fbb100000,0x0000004fbb200000] [id=10508] _threads_hazard_ptr=0x0000022ad07147e0
  0x0000022ad007d800 WatcherThread [stack: 0x0000004fbbf00000,0x0000004fbc000000] [id=9652]
  0x0000022aa9f22800 GCTaskThread "GC Thread#0" [stack: 0x0000004fbac00000,0x0000004fbad00000] [id=6916]
  0x0000022ad001d000 GCTaskThread "GC Thread#1" [stack: 0x0000004fbc000000,0x0000004fbc100000] [id=9360]
  0x0000022ad02c0800 GCTaskThread "GC Thread#2" [stack: 0x0000004fbc100000,0x0000004fbc200000] [id=10580]
  0x0000022ad02c1000 GCTaskThread "GC Thread#3" [stack: 0x0000004fbc200000,0x0000004fbc300000] [id=4060]
  0x0000022aa9f80000 ConcurrentGCThread "G1 Main Marker" [stack: 0x0000004fbad00000,0x0000004fbae00000] [id=10260]
  0x0000022aa9f82800 ConcurrentGCThread "G1 Conc#0" [stack: 0x0000004fbae00000,0x0000004fbaf00000] [id=12900]
  0x0000022acf104800 ConcurrentGCThread "G1 Refine#0" [stack: 0x0000004fbaf00000,0x0000004fbb000000] [id=8]
  0x0000022acf106800 ConcurrentGCThread "G1 Young RemSet Sampling" [stack: 0x0000004fbb000000,0x0000004fbb100000] [id=4048]

Threads with active compile tasks:

VM state:synchronizing (normal execution)

VM Mutex/Monitor currently owned by a thread:  ([mutex/lock_event])
[0x0000022aa9f079b0] Safepoint_lock - owner thread: 0x0000022acfaa3000
[0x0000022aa9f07800] Threads_lock - owner thread: 0x0000022acfaa3000

Heap address: 0x0000000701c00000, size: 4068 MB, Compressed Oops mode: Zero based, Oop shift amount: 3
Narrow klass base: 0x0000000800000000, Narrow klass shift: 0
Compressed class space size: 1073741824 Address: 0x0000000800000000

Heap:
 garbage-first heap   total 262144K, used 4988K [0x0000000701c00000, 0x0000000800000000)
  region size 1024K, 6 young (6144K), 2 survivors (2048K)
 Metaspace       used 11074K, capacity 11577K, committed 11904K, reserved 1060864K
  class space    used 1138K, capacity 1336K, committed 1408K, reserved 1048576K
Heap Regions: E=young(eden), S=young(survivor), O=old, HS=humongous(starts), HC=humongous(continues), CS=collection set, F=free, A=archive, TAMS=top-at-mark-start (previous, next)
|   0|0x0000000701c00000, 0x0000000701c00000, 0x0000000701d00000|  0%| F|  |TAMS 0x0000000701c00000, 0x0000000701c00000| Untracked 
|   1|0x0000000701d00000, 0x0000000701d00000, 0x0000000701e00000|  0%| F|  |TAMS 0x0000000701d00000, 0x0000000701d00000| Untracked 
|   2|0x0000000701e00000, 0x0000000701e00000, 0x0000000701f00000|  0%| F|  |TAMS 0x0000000701e00000, 0x0000000701e00000| Untracked 
|   3|0x0000000701f00000, 0x0000000701f00000, 0x0000000702000000|  0%| F|  |TAMS 0x0000000701f00000, 0x0000000701f00000| Untracked 
|   4|0x0000000702000000, 0x0000000702000000, 0x0000000702100000|  0%| F|  |TAMS 0x0000000702000000, 0x0000000702000000| Untracked 
|   5|0x0000000702100000, 0x0000000702100000, 0x0000000702200000|  0%| F|  |TAMS 0x0000000702100000, 0x0000000702100000| Untracked 
|   6|0x0000000702200000, 0x0000000702200000, 0x0000000702300000|  0%| F|  |TAMS 0x0000000702200000, 0x0000000702200000| Untracked 
|   7|0x0000000702300000, 0x0000000702300000, 0x0000000702400000|  0%| F|  |TAMS 0x0000000702300000, 0x0000000702300000| Untracked 
|   8|0x0000000702400000, 0x0000000702400000, 0x0000000702500000|  0%| F|  |TAMS 0x0000000702400000, 0x0000000702400000| Untracked 
|   9|0x0000000702500000, 0x0000000702500000, 0x0000000702600000|  0%| F|  |TAMS 0x0000000702500000, 0x0000000702500000| Untracked 
|  10|0x0000000702600000, 0x0000000702600000, 0x0000000702700000|  0%| F|  |TAMS 0x0000000702600000, 0x0000000702600000| Untracked 
|  11|0x0000000702700000, 0x0000000702700000, 0x0000000702800000|  0%| F|  |TAMS 0x0000000702700000, 0x0000000702700000| Untracked 
|  12|0x0000000702800000, 0x0000000702800000, 0x0000000702900000|  0%| F|  |TAMS 0x0000000702800000, 0x0000000702800000| Untracked 
|  13|0x0000000702900000, 0x0000000702900000, 0x0000000702a00000|  0%| F|  |TAMS 0x0000000702900000, 0x0000000702900000| Untracked 
|  14|0x0000000702a00000, 0x0000000702a00000, 0x0000000702b00000|  0%| F|  |TAMS 0x0000000702a00000, 0x0000000702a00000| Untracked 
|  15|0x0000000702b00000, 0x0000000702b00000, 0x0000000702c00000|  0%| F|  |TAMS 0x0000000702b00000, 0x0000000702b00000| Untracked 
|  16|0x0000000702c00000, 0x0000000702c00000, 0x0000000702d00000|  0%| F|  |TAMS 0x0000000702c00000, 0x0000000702c00000| Untracked 
|  17|0x0000000702d00000, 0x0000000702d00000, 0x0000000702e00000|  0%| F|  |TAMS 0x0000000702d00000, 0x0000000702d00000| Untracked 
|  18|0x0000000702e00000, 0x0000000702e00000, 0x0000000702f00000|  0%| F|  |TAMS 0x0000000702e00000, 0x0000000702e00000| Untracked 
|  19|0x0000000702f00000, 0x0000000702f00000, 0x0000000703000000|  0%| F|  |TAMS 0x0000000702f00000, 0x0000000702f00000| Untracked 
|  20|0x0000000703000000, 0x0000000703000000, 0x0000000703100000|  0%| F|  |TAMS 0x0000000703000000, 0x0000000703000000| Untracked 
|  21|0x0000000703100000, 0x0000000703100000, 0x0000000703200000|  0%| F|  |TAMS 0x0000000703100000, 0x0000000703100000| Untracked 
|  22|0x0000000703200000, 0x0000000703200000, 0x0000000703300000|  0%| F|  |TAMS 0x0000000703200000, 0x0000000703200000| Untracked 
|  23|0x0000000703300000, 0x0000000703300000, 0x0000000703400000|  0%| F|  |TAMS 0x0000000703300000, 0x0000000703300000| Untracked 
|  24|0x0000000703400000, 0x0000000703400000, 0x0000000703500000|  0%| F|  |TAMS 0x0000000703400000, 0x0000000703400000| Untracked 
|  25|0x0000000703500000, 0x0000000703500000, 0x0000000703600000|  0%| F|  |TAMS 0x0000000703500000, 0x0000000703500000| Untracked 
|  26|0x0000000703600000, 0x0000000703600000, 0x0000000703700000|  0%| F|  |TAMS 0x0000000703600000, 0x0000000703600000| Untracked 
|  27|0x0000000703700000, 0x0000000703700000, 0x0000000703800000|  0%| F|  |TAMS 0x0000000703700000, 0x0000000703700000| Untracked 
|  28|0x0000000703800000, 0x0000000703800000, 0x0000000703900000|  0%| F|  |TAMS 0x0000000703800000, 0x0000000703800000| Untracked 
|  29|0x0000000703900000, 0x0000000703900000, 0x0000000703a00000|  0%| F|  |TAMS 0x0000000703900000, 0x0000000703900000| Untracked 
|  30|0x0000000703a00000, 0x0000000703a00000, 0x0000000703b00000|  0%| F|  |TAMS 0x0000000703a00000, 0x0000000703a00000| Untracked 
|  31|0x0000000703b00000, 0x0000000703b00000, 0x0000000703c00000|  0%| F|  |TAMS 0x0000000703b00000, 0x0000000703b00000| Untracked 
|  32|0x0000000703c00000, 0x0000000703c00000, 0x0000000703d00000|  0%| F|  |TAMS 0x0000000703c00000, 0x0000000703c00000| Untracked 
|  33|0x0000000703d00000, 0x0000000703d00000, 0x0000000703e00000|  0%| F|  |TAMS 0x0000000703d00000, 0x0000000703d00000| Untracked 
|  34|0x0000000703e00000, 0x0000000703e00000, 0x0000000703f00000|  0%| F|  |TAMS 0x0000000703e00000, 0x0000000703e00000| Untracked 
|  35|0x0000000703f00000, 0x0000000703f00000, 0x0000000704000000|  0%| F|  |TAMS 0x0000000703f00000, 0x0000000703f00000| Untracked 
|  36|0x0000000704000000, 0x0000000704000000, 0x0000000704100000|  0%| F|  |TAMS 0x0000000704000000, 0x0000000704000000| Untracked 
|  37|0x0000000704100000, 0x0000000704100000, 0x0000000704200000|  0%| F|  |TAMS 0x0000000704100000, 0x0000000704100000| Untracked 
|  38|0x0000000704200000, 0x0000000704200000, 0x0000000704300000|  0%| F|  |TAMS 0x0000000704200000, 0x0000000704200000| Untracked 
|  39|0x0000000704300000, 0x0000000704300000, 0x0000000704400000|  0%| F|  |TAMS 0x0000000704300000, 0x0000000704300000| Untracked 
|  40|0x0000000704400000, 0x0000000704400000, 0x0000000704500000|  0%| F|  |TAMS 0x0000000704400000, 0x0000000704400000| Untracked 
|  41|0x0000000704500000, 0x0000000704500000, 0x0000000704600000|  0%| F|  |TAMS 0x0000000704500000, 0x0000000704500000| Untracked 
|  42|0x0000000704600000, 0x0000000704600000, 0x0000000704700000|  0%| F|  |TAMS 0x0000000704600000, 0x0000000704600000| Untracked 
|  43|0x0000000704700000, 0x0000000704700000, 0x0000000704800000|  0%| F|  |TAMS 0x0000000704700000, 0x0000000704700000| Untracked 
|  44|0x0000000704800000, 0x0000000704800000, 0x0000000704900000|  0%| F|  |TAMS 0x0000000704800000, 0x0000000704800000| Untracked 
|  45|0x0000000704900000, 0x0000000704900000, 0x0000000704a00000|  0%| F|  |TAMS 0x0000000704900000, 0x0000000704900000| Untracked 
|  46|0x0000000704a00000, 0x0000000704a00000, 0x0000000704b00000|  0%| F|  |TAMS 0x0000000704a00000, 0x0000000704a00000| Untracked 
|  47|0x0000000704b00000, 0x0000000704b00000, 0x0000000704c00000|  0%| F|  |TAMS 0x0000000704b00000, 0x0000000704b00000| Untracked 
|  48|0x0000000704c00000, 0x0000000704c00000, 0x0000000704d00000|  0%| F|  |TAMS 0x0000000704c00000, 0x0000000704c00000| Untracked 
|  49|0x0000000704d00000, 0x0000000704d00000, 0x0000000704e00000|  0%| F|  |TAMS 0x0000000704d00000, 0x0000000704d00000| Untracked 
|  50|0x0000000704e00000, 0x0000000704e00000, 0x0000000704f00000|  0%| F|  |TAMS 0x0000000704e00000, 0x0000000704e00000| Untracked 
|  51|0x0000000704f00000, 0x0000000704f00000, 0x0000000705000000|  0%| F|  |TAMS 0x0000000704f00000, 0x0000000704f00000| Untracked 
|  52|0x0000000705000000, 0x0000000705000000, 0x0000000705100000|  0%| F|  |TAMS 0x0000000705000000, 0x0000000705000000| Untracked 
|  53|0x0000000705100000, 0x0000000705100000, 0x0000000705200000|  0%| F|  |TAMS 0x0000000705100000, 0x0000000705100000| Untracked 
|  54|0x0000000705200000, 0x0000000705200000, 0x0000000705300000|  0%| F|  |TAMS 0x0000000705200000, 0x0000000705200000| Untracked 
|  55|0x0000000705300000, 0x0000000705300000, 0x0000000705400000|  0%| F|  |TAMS 0x0000000705300000, 0x0000000705300000| Untracked 
|  56|0x0000000705400000, 0x0000000705400000, 0x0000000705500000|  0%| F|  |TAMS 0x0000000705400000, 0x0000000705400000| Untracked 
|  57|0x0000000705500000, 0x0000000705500000, 0x0000000705600000|  0%| F|  |TAMS 0x0000000705500000, 0x0000000705500000| Untracked 
|  58|0x0000000705600000, 0x0000000705600000, 0x0000000705700000|  0%| F|  |TAMS 0x0000000705600000, 0x0000000705600000| Untracked 
|  59|0x0000000705700000, 0x0000000705700000, 0x0000000705800000|  0%| F|  |TAMS 0x0000000705700000, 0x0000000705700000| Untracked 
|  60|0x0000000705800000, 0x0000000705800000, 0x0000000705900000|  0%| F|  |TAMS 0x0000000705800000, 0x0000000705800000| Untracked 
|  61|0x0000000705900000, 0x0000000705900000, 0x0000000705a00000|  0%| F|  |TAMS 0x0000000705900000, 0x0000000705900000| Untracked 
|  62|0x0000000705a00000, 0x0000000705a00000, 0x0000000705b00000|  0%| F|  |TAMS 0x0000000705a00000, 0x0000000705a00000| Untracked 
|  63|0x0000000705b00000, 0x0000000705b00000, 0x0000000705c00000|  0%| F|  |TAMS 0x0000000705b00000, 0x0000000705b00000| Untracked 
|  64|0x0000000705c00000, 0x0000000705c00000, 0x0000000705d00000|  0%| F|  |TAMS 0x0000000705c00000, 0x0000000705c00000| Untracked 
|  65|0x0000000705d00000, 0x0000000705d00000, 0x0000000705e00000|  0%| F|  |TAMS 0x0000000705d00000, 0x0000000705d00000| Untracked 
|  66|0x0000000705e00000, 0x0000000705e00000, 0x0000000705f00000|  0%| F|  |TAMS 0x0000000705e00000, 0x0000000705e00000| Untracked 
|  67|0x0000000705f00000, 0x0000000705f00000, 0x0000000706000000|  0%| F|  |TAMS 0x0000000705f00000, 0x0000000705f00000| Untracked 
|  68|0x0000000706000000, 0x0000000706000000, 0x0000000706100000|  0%| F|  |TAMS 0x0000000706000000, 0x0000000706000000| Untracked 
|  69|0x0000000706100000, 0x0000000706100000, 0x0000000706200000|  0%| F|  |TAMS 0x0000000706100000, 0x0000000706100000| Untracked 
|  70|0x0000000706200000, 0x0000000706200000, 0x0000000706300000|  0%| F|  |TAMS 0x0000000706200000, 0x0000000706200000| Untracked 
|  71|0x0000000706300000, 0x0000000706300000, 0x0000000706400000|  0%| F|  |TAMS 0x0000000706300000, 0x0000000706300000| Untracked 
|  72|0x0000000706400000, 0x0000000706400000, 0x0000000706500000|  0%| F|  |TAMS 0x0000000706400000, 0x0000000706400000| Untracked 
|  73|0x0000000706500000, 0x0000000706500000, 0x0000000706600000|  0%| F|  |TAMS 0x0000000706500000, 0x0000000706500000| Untracked 
|  74|0x0000000706600000, 0x0000000706600000, 0x0000000706700000|  0%| F|  |TAMS 0x0000000706600000, 0x0000000706600000| Untracked 
|  75|0x0000000706700000, 0x0000000706700000, 0x0000000706800000|  0%| F|  |TAMS 0x0000000706700000, 0x0000000706700000| Untracked 
|  76|0x0000000706800000, 0x0000000706800000, 0x0000000706900000|  0%| F|  |TAMS 0x0000000706800000, 0x0000000706800000| Untracked 
|  77|0x0000000706900000, 0x0000000706900000, 0x0000000706a00000|  0%| F|  |TAMS 0x0000000706900000, 0x0000000706900000| Untracked 
|  78|0x0000000706a00000, 0x0000000706a00000, 0x0000000706b00000|  0%| F|  |TAMS 0x0000000706a00000, 0x0000000706a00000| Untracked 
|  79|0x0000000706b00000, 0x0000000706b00000, 0x0000000706c00000|  0%| F|  |TAMS 0x0000000706b00000, 0x0000000706b00000| Untracked 
|  80|0x0000000706c00000, 0x0000000706c00000, 0x0000000706d00000|  0%| F|  |TAMS 0x0000000706c00000, 0x0000000706c00000| Untracked 
|  81|0x0000000706d00000, 0x0000000706d00000, 0x0000000706e00000|  0%| F|  |TAMS 0x0000000706d00000, 0x0000000706d00000| Untracked 
|  82|0x0000000706e00000, 0x0000000706e00000, 0x0000000706f00000|  0%| F|  |TAMS 0x0000000706e00000, 0x0000000706e00000| Untracked 
|  83|0x0000000706f00000, 0x0000000706f00000, 0x0000000707000000|  0%| F|  |TAMS 0x0000000706f00000, 0x0000000706f00000| Untracked 
|  84|0x0000000707000000, 0x0000000707000000, 0x0000000707100000|  0%| F|  |TAMS 0x0000000707000000, 0x0000000707000000| Untracked 
|  85|0x0000000707100000, 0x0000000707100000, 0x0000000707200000|  0%| F|  |TAMS 0x0000000707100000, 0x0000000707100000| Untracked 
|  86|0x0000000707200000, 0x0000000707200000, 0x0000000707300000|  0%| F|  |TAMS 0x0000000707200000, 0x0000000707200000| Untracked 
|  87|0x0000000707300000, 0x0000000707300000, 0x0000000707400000|  0%| F|  |TAMS 0x0000000707300000, 0x0000000707300000| Untracked 
|  88|0x0000000707400000, 0x0000000707400000, 0x0000000707500000|  0%| F|  |TAMS 0x0000000707400000, 0x0000000707400000| Untracked 
|  89|0x0000000707500000, 0x0000000707500000, 0x0000000707600000|  0%| F|  |TAMS 0x0000000707500000, 0x0000000707500000| Untracked 
|  90|0x0000000707600000, 0x0000000707600000, 0x0000000707700000|  0%| F|  |TAMS 0x0000000707600000, 0x0000000707600000| Untracked 
|  91|0x0000000707700000, 0x0000000707700000, 0x0000000707800000|  0%| F|  |TAMS 0x0000000707700000, 0x0000000707700000| Untracked 
|  92|0x0000000707800000, 0x0000000707800000, 0x0000000707900000|  0%| F|  |TAMS 0x0000000707800000, 0x0000000707800000| Untracked 
|  93|0x0000000707900000, 0x0000000707900000, 0x0000000707a00000|  0%| F|  |TAMS 0x0000000707900000, 0x0000000707900000| Untracked 
|  94|0x0000000707a00000, 0x0000000707a00000, 0x0000000707b00000|  0%| F|  |TAMS 0x0000000707a00000, 0x0000000707a00000| Untracked 
|  95|0x0000000707b00000, 0x0000000707b00000, 0x0000000707c00000|  0%| F|  |TAMS 0x0000000707b00000, 0x0000000707b00000| Untracked 
|  96|0x0000000707c00000, 0x0000000707c00000, 0x0000000707d00000|  0%| F|  |TAMS 0x0000000707c00000, 0x0000000707c00000| Untracked 
|  97|0x0000000707d00000, 0x0000000707d00000, 0x0000000707e00000|  0%| F|  |TAMS 0x0000000707d00000, 0x0000000707d00000| Untracked 
|  98|0x0000000707e00000, 0x0000000707e00000, 0x0000000707f00000|  0%| F|  |TAMS 0x0000000707e00000, 0x0000000707e00000| Untracked 
|  99|0x0000000707f00000, 0x0000000707f00000, 0x0000000708000000|  0%| F|  |TAMS 0x0000000707f00000, 0x0000000707f00000| Untracked 
| 100|0x0000000708000000, 0x0000000708000000, 0x0000000708100000|  0%| F|  |TAMS 0x0000000708000000, 0x0000000708000000| Untracked 
| 101|0x0000000708100000, 0x0000000708100000, 0x0000000708200000|  0%| F|  |TAMS 0x0000000708100000, 0x0000000708100000| Untracked 
| 102|0x0000000708200000, 0x0000000708200000, 0x0000000708300000|  0%| F|  |TAMS 0x0000000708200000, 0x0000000708200000| Untracked 
| 103|0x0000000708300000, 0x0000000708300000, 0x0000000708400000|  0%| F|  |TAMS 0x0000000708300000, 0x0000000708300000| Untracked 
| 104|0x0000000708400000, 0x0000000708400000, 0x0000000708500000|  0%| F|  |TAMS 0x0000000708400000, 0x0000000708400000| Untracked 
| 105|0x0000000708500000, 0x0000000708500000, 0x0000000708600000|  0%| F|  |TAMS 0x0000000708500000, 0x0000000708500000| Untracked 
| 106|0x0000000708600000, 0x0000000708600000, 0x0000000708700000|  0%| F|  |TAMS 0x0000000708600000, 0x0000000708600000| Untracked 
| 107|0x0000000708700000, 0x0000000708700000, 0x0000000708800000|  0%| F|  |TAMS 0x0000000708700000, 0x0000000708700000| Untracked 
| 108|0x0000000708800000, 0x0000000708800000, 0x0000000708900000|  0%| F|  |TAMS 0x0000000708800000, 0x0000000708800000| Untracked 
| 109|0x0000000708900000, 0x0000000708900000, 0x0000000708a00000|  0%| F|  |TAMS 0x0000000708900000, 0x0000000708900000| Untracked 
| 110|0x0000000708a00000, 0x0000000708a00000, 0x0000000708b00000|  0%| F|  |TAMS 0x0000000708a00000, 0x0000000708a00000| Untracked 
| 111|0x0000000708b00000, 0x0000000708b00000, 0x0000000708c00000|  0%| F|  |TAMS 0x0000000708b00000, 0x0000000708b00000| Untracked 
| 112|0x0000000708c00000, 0x0000000708c00000, 0x0000000708d00000|  0%| F|  |TAMS 0x0000000708c00000, 0x0000000708c00000| Untracked 
| 113|0x0000000708d00000, 0x0000000708d00000, 0x0000000708e00000|  0%| F|  |TAMS 0x0000000708d00000, 0x0000000708d00000| Untracked 
| 114|0x0000000708e00000, 0x0000000708e00000, 0x0000000708f00000|  0%| F|  |TAMS 0x0000000708e00000, 0x0000000708e00000| Untracked 
| 115|0x0000000708f00000, 0x0000000708f00000, 0x0000000709000000|  0%| F|  |TAMS 0x0000000708f00000, 0x0000000708f00000| Untracked 
| 116|0x0000000709000000, 0x0000000709000000, 0x0000000709100000|  0%| F|  |TAMS 0x0000000709000000, 0x0000000709000000| Untracked 
| 117|0x0000000709100000, 0x0000000709100000, 0x0000000709200000|  0%| F|  |TAMS 0x0000000709100000, 0x0000000709100000| Untracked 
| 118|0x0000000709200000, 0x0000000709200000, 0x0000000709300000|  0%| F|  |TAMS 0x0000000709200000, 0x0000000709200000| Untracked 
| 119|0x0000000709300000, 0x0000000709300000, 0x0000000709400000|  0%| F|  |TAMS 0x0000000709300000, 0x0000000709300000| Untracked 
| 120|0x0000000709400000, 0x0000000709400000, 0x0000000709500000|  0%| F|  |TAMS 0x0000000709400000, 0x0000000709400000| Untracked 
| 121|0x0000000709500000, 0x0000000709500000, 0x0000000709600000|  0%| F|  |TAMS 0x0000000709500000, 0x0000000709500000| Untracked 
| 122|0x0000000709600000, 0x0000000709600000, 0x0000000709700000|  0%| F|  |TAMS 0x0000000709600000, 0x0000000709600000| Untracked 
| 123|0x0000000709700000, 0x0000000709700000, 0x0000000709800000|  0%| F|  |TAMS 0x0000000709700000, 0x0000000709700000| Untracked 
| 124|0x0000000709800000, 0x0000000709800000, 0x0000000709900000|  0%| F|  |TAMS 0x0000000709800000, 0x0000000709800000| Untracked 
| 125|0x0000000709900000, 0x0000000709900000, 0x0000000709a00000|  0%| F|  |TAMS 0x0000000709900000, 0x0000000709900000| Untracked 
| 126|0x0000000709a00000, 0x0000000709a00000, 0x0000000709b00000|  0%| F|  |TAMS 0x0000000709a00000, 0x0000000709a00000| Untracked 
| 127|0x0000000709b00000, 0x0000000709b00000, 0x0000000709c00000|  0%| F|  |TAMS 0x0000000709b00000, 0x0000000709b00000| Untracked 
| 128|0x0000000709c00000, 0x0000000709c00000, 0x0000000709d00000|  0%| F|  |TAMS 0x0000000709c00000, 0x0000000709c00000| Untracked 
| 129|0x0000000709d00000, 0x0000000709d00000, 0x0000000709e00000|  0%| F|  |TAMS 0x0000000709d00000, 0x0000000709d00000| Untracked 
| 130|0x0000000709e00000, 0x0000000709e00000, 0x0000000709f00000|  0%| F|  |TAMS 0x0000000709e00000, 0x0000000709e00000| Untracked 
| 131|0x0000000709f00000, 0x0000000709f00000, 0x000000070a000000|  0%| F|  |TAMS 0x0000000709f00000, 0x0000000709f00000| Untracked 
| 132|0x000000070a000000, 0x000000070a000000, 0x000000070a100000|  0%| F|  |TAMS 0x000000070a000000, 0x000000070a000000| Untracked 
| 133|0x000000070a100000, 0x000000070a100000, 0x000000070a200000|  0%| F|  |TAMS 0x000000070a100000, 0x000000070a100000| Untracked 
| 134|0x000000070a200000, 0x000000070a200000, 0x000000070a300000|  0%| F|  |TAMS 0x000000070a200000, 0x000000070a200000| Untracked 
| 135|0x000000070a300000, 0x000000070a300000, 0x000000070a400000|  0%| F|  |TAMS 0x000000070a300000, 0x000000070a300000| Untracked 
| 136|0x000000070a400000, 0x000000070a400000, 0x000000070a500000|  0%| F|  |TAMS 0x000000070a400000, 0x000000070a400000| Untracked 
| 137|0x000000070a500000, 0x000000070a500000, 0x000000070a600000|  0%| F|  |TAMS 0x000000070a500000, 0x000000070a500000| Untracked 
| 138|0x000000070a600000, 0x000000070a600000, 0x000000070a700000|  0%| F|  |TAMS 0x000000070a600000, 0x000000070a600000| Untracked 
| 139|0x000000070a700000, 0x000000070a700000, 0x000000070a800000|  0%| F|  |TAMS 0x000000070a700000, 0x000000070a700000| Untracked 
| 140|0x000000070a800000, 0x000000070a800000, 0x000000070a900000|  0%| F|  |TAMS 0x000000070a800000, 0x000000070a800000| Untracked 
| 141|0x000000070a900000, 0x000000070a900000, 0x000000070aa00000|  0%| F|  |TAMS 0x000000070a900000, 0x000000070a900000| Untracked 
| 142|0x000000070aa00000, 0x000000070aa00000, 0x000000070ab00000|  0%| F|  |TAMS 0x000000070aa00000, 0x000000070aa00000| Untracked 
| 143|0x000000070ab00000, 0x000000070ab00000, 0x000000070ac00000|  0%| F|  |TAMS 0x000000070ab00000, 0x000000070ab00000| Untracked 
| 144|0x000000070ac00000, 0x000000070ac00000, 0x000000070ad00000|  0%| F|  |TAMS 0x000000070ac00000, 0x000000070ac00000| Untracked 
| 145|0x000000070ad00000, 0x000000070ad00000, 0x000000070ae00000|  0%| F|  |TAMS 0x000000070ad00000, 0x000000070ad00000| Untracked 
| 146|0x000000070ae00000, 0x000000070ae00000, 0x000000070af00000|  0%| F|  |TAMS 0x000000070ae00000, 0x000000070ae00000| Untracked 
| 147|0x000000070af00000, 0x000000070af00000, 0x000000070b000000|  0%| F|  |TAMS 0x000000070af00000, 0x000000070af00000| Untracked 
| 148|0x000000070b000000, 0x000000070b000000, 0x000000070b100000|  0%| F|  |TAMS 0x000000070b000000, 0x000000070b000000| Untracked 
| 149|0x000000070b100000, 0x000000070b100000, 0x000000070b200000|  0%| F|  |TAMS 0x000000070b100000, 0x000000070b100000| Untracked 
| 150|0x000000070b200000, 0x000000070b200000, 0x000000070b300000|  0%| F|  |TAMS 0x000000070b200000, 0x000000070b200000| Untracked 
| 151|0x000000070b300000, 0x000000070b300000, 0x000000070b400000|  0%| F|  |TAMS 0x000000070b300000, 0x000000070b300000| Untracked 
| 152|0x000000070b400000, 0x000000070b400000, 0x000000070b500000|  0%| F|  |TAMS 0x000000070b400000, 0x000000070b400000| Untracked 
| 153|0x000000070b500000, 0x000000070b500000, 0x000000070b600000|  0%| F|  |TAMS 0x000000070b500000, 0x000000070b500000| Untracked 
| 154|0x000000070b600000, 0x000000070b600000, 0x000000070b700000|  0%| F|  |TAMS 0x000000070b600000, 0x000000070b600000| Untracked 
| 155|0x000000070b700000, 0x000000070b700000, 0x000000070b800000|  0%| F|  |TAMS 0x000000070b700000, 0x000000070b700000| Untracked 
| 156|0x000000070b800000, 0x000000070b800000, 0x000000070b900000|  0%| F|  |TAMS 0x000000070b800000, 0x000000070b800000| Untracked 
| 157|0x000000070b900000, 0x000000070b900000, 0x000000070ba00000|  0%| F|  |TAMS 0x000000070b900000, 0x000000070b900000| Untracked 
| 158|0x000000070ba00000, 0x000000070ba00000, 0x000000070bb00000|  0%| F|  |TAMS 0x000000070ba00000, 0x000000070ba00000| Untracked 
| 159|0x000000070bb00000, 0x000000070bb00000, 0x000000070bc00000|  0%| F|  |TAMS 0x000000070bb00000, 0x000000070bb00000| Untracked 
| 160|0x000000070bc00000, 0x000000070bc00000, 0x000000070bd00000|  0%| F|  |TAMS 0x000000070bc00000, 0x000000070bc00000| Untracked 
| 161|0x000000070bd00000, 0x000000070bd00000, 0x000000070be00000|  0%| F|  |TAMS 0x000000070bd00000, 0x000000070bd00000| Untracked 
| 162|0x000000070be00000, 0x000000070be00000, 0x000000070bf00000|  0%| F|  |TAMS 0x000000070be00000, 0x000000070be00000| Untracked 
| 163|0x000000070bf00000, 0x000000070bf00000, 0x000000070c000000|  0%| F|  |TAMS 0x000000070bf00000, 0x000000070bf00000| Untracked 
| 164|0x000000070c000000, 0x000000070c000000, 0x000000070c100000|  0%| F|  |TAMS 0x000000070c000000, 0x000000070c000000| Untracked 
| 165|0x000000070c100000, 0x000000070c100000, 0x000000070c200000|  0%| F|  |TAMS 0x000000070c100000, 0x000000070c100000| Untracked 
| 166|0x000000070c200000, 0x000000070c200000, 0x000000070c300000|  0%| F|  |TAMS 0x000000070c200000, 0x000000070c200000| Untracked 
| 167|0x000000070c300000, 0x000000070c300000, 0x000000070c400000|  0%| F|  |TAMS 0x000000070c300000, 0x000000070c300000| Untracked 
| 168|0x000000070c400000, 0x000000070c400000, 0x000000070c500000|  0%| F|  |TAMS 0x000000070c400000, 0x000000070c400000| Untracked 
| 169|0x000000070c500000, 0x000000070c500000, 0x000000070c600000|  0%| F|  |TAMS 0x000000070c500000, 0x000000070c500000| Untracked 
| 170|0x000000070c600000, 0x000000070c600000, 0x000000070c700000|  0%| F|  |TAMS 0x000000070c600000, 0x000000070c600000| Untracked 
| 171|0x000000070c700000, 0x000000070c700000, 0x000000070c800000|  0%| F|  |TAMS 0x000000070c700000, 0x000000070c700000| Untracked 
| 172|0x000000070c800000, 0x000000070c800000, 0x000000070c900000|  0%| F|  |TAMS 0x000000070c800000, 0x000000070c800000| Untracked 
| 173|0x000000070c900000, 0x000000070c900000, 0x000000070ca00000|  0%| F|  |TAMS 0x000000070c900000, 0x000000070c900000| Untracked 
| 174|0x000000070ca00000, 0x000000070ca00000, 0x000000070cb00000|  0%| F|  |TAMS 0x000000070ca00000, 0x000000070ca00000| Untracked 
| 175|0x000000070cb00000, 0x000000070cb00000, 0x000000070cc00000|  0%| F|  |TAMS 0x000000070cb00000, 0x000000070cb00000| Untracked 
| 176|0x000000070cc00000, 0x000000070cc00000, 0x000000070cd00000|  0%| F|  |TAMS 0x000000070cc00000, 0x000000070cc00000| Untracked 
| 177|0x000000070cd00000, 0x000000070cd00000, 0x000000070ce00000|  0%| F|  |TAMS 0x000000070cd00000, 0x000000070cd00000| Untracked 
| 178|0x000000070ce00000, 0x000000070ce00000, 0x000000070cf00000|  0%| F|  |TAMS 0x000000070ce00000, 0x000000070ce00000| Untracked 
| 179|0x000000070cf00000, 0x000000070cf00000, 0x000000070d000000|  0%| F|  |TAMS 0x000000070cf00000, 0x000000070cf00000| Untracked 
| 180|0x000000070d000000, 0x000000070d000000, 0x000000070d100000|  0%| F|  |TAMS 0x000000070d000000, 0x000000070d000000| Untracked 
| 181|0x000000070d100000, 0x000000070d100000, 0x000000070d200000|  0%| F|  |TAMS 0x000000070d100000, 0x000000070d100000| Untracked 
| 182|0x000000070d200000, 0x000000070d200000, 0x000000070d300000|  0%| F|  |TAMS 0x000000070d200000, 0x000000070d200000| Untracked 
| 183|0x000000070d300000, 0x000000070d300000, 0x000000070d400000|  0%| F|  |TAMS 0x000000070d300000, 0x000000070d300000| Untracked 
| 184|0x000000070d400000, 0x000000070d400000, 0x000000070d500000|  0%| F|  |TAMS 0x000000070d400000, 0x000000070d400000| Untracked 
| 185|0x000000070d500000, 0x000000070d500000, 0x000000070d600000|  0%| F|  |TAMS 0x000000070d500000, 0x000000070d500000| Untracked 
| 186|0x000000070d600000, 0x000000070d600000, 0x000000070d700000|  0%| F|  |TAMS 0x000000070d600000, 0x000000070d600000| Untracked 
| 187|0x000000070d700000, 0x000000070d700000, 0x000000070d800000|  0%| F|  |TAMS 0x000000070d700000, 0x000000070d700000| Untracked 
| 188|0x000000070d800000, 0x000000070d800000, 0x000000070d900000|  0%| F|  |TAMS 0x000000070d800000, 0x000000070d800000| Untracked 
| 189|0x000000070d900000, 0x000000070d900000, 0x000000070da00000|  0%| F|  |TAMS 0x000000070d900000, 0x000000070d900000| Untracked 
| 190|0x000000070da00000, 0x000000070da00000, 0x000000070db00000|  0%| F|  |TAMS 0x000000070da00000, 0x000000070da00000| Untracked 
| 191|0x000000070db00000, 0x000000070db00000, 0x000000070dc00000|  0%| F|  |TAMS 0x000000070db00000, 0x000000070db00000| Untracked 
| 192|0x000000070dc00000, 0x000000070dc00000, 0x000000070dd00000|  0%| F|  |TAMS 0x000000070dc00000, 0x000000070dc00000| Untracked 
| 193|0x000000070dd00000, 0x000000070dd00000, 0x000000070de00000|  0%| F|  |TAMS 0x000000070dd00000, 0x000000070dd00000| Untracked 
| 194|0x000000070de00000, 0x000000070de00000, 0x000000070df00000|  0%| F|  |TAMS 0x000000070de00000, 0x000000070de00000| Untracked 
| 195|0x000000070df00000, 0x000000070df00000, 0x000000070e000000|  0%| F|  |TAMS 0x000000070df00000, 0x000000070df00000| Untracked 
| 196|0x000000070e000000, 0x000000070e000000, 0x000000070e100000|  0%| F|  |TAMS 0x000000070e000000, 0x000000070e000000| Untracked 
| 197|0x000000070e100000, 0x000000070e100000, 0x000000070e200000|  0%| F|  |TAMS 0x000000070e100000, 0x000000070e100000| Untracked 
| 198|0x000000070e200000, 0x000000070e200000, 0x000000070e300000|  0%| F|  |TAMS 0x000000070e200000, 0x000000070e200000| Untracked 
| 199|0x000000070e300000, 0x000000070e300000, 0x000000070e400000|  0%| F|  |TAMS 0x000000070e300000, 0x000000070e300000| Untracked 
| 200|0x000000070e400000, 0x000000070e400000, 0x000000070e500000|  0%| F|  |TAMS 0x000000070e400000, 0x000000070e400000| Untracked 
| 201|0x000000070e500000, 0x000000070e500000, 0x000000070e600000|  0%| F|  |TAMS 0x000000070e500000, 0x000000070e500000| Untracked 
| 202|0x000000070e600000, 0x000000070e600000, 0x000000070e700000|  0%| F|  |TAMS 0x000000070e600000, 0x000000070e600000| Untracked 
| 203|0x000000070e700000, 0x000000070e700000, 0x000000070e800000|  0%| F|  |TAMS 0x000000070e700000, 0x000000070e700000| Untracked 
| 204|0x000000070e800000, 0x000000070e800000, 0x000000070e900000|  0%| F|  |TAMS 0x000000070e800000, 0x000000070e800000| Untracked 
| 205|0x000000070e900000, 0x000000070e900000, 0x000000070ea00000|  0%| F|  |TAMS 0x000000070e900000, 0x000000070e900000| Untracked 
| 206|0x000000070ea00000, 0x000000070ea00000, 0x000000070eb00000|  0%| F|  |TAMS 0x000000070ea00000, 0x000000070ea00000| Untracked 
| 207|0x000000070eb00000, 0x000000070eb00000, 0x000000070ec00000|  0%| F|  |TAMS 0x000000070eb00000, 0x000000070eb00000| Untracked 
| 208|0x000000070ec00000, 0x000000070ec00000, 0x000000070ed00000|  0%| F|  |TAMS 0x000000070ec00000, 0x000000070ec00000| Untracked 
| 209|0x000000070ed00000, 0x000000070ed00000, 0x000000070ee00000|  0%| F|  |TAMS 0x000000070ed00000, 0x000000070ed00000| Untracked 
| 210|0x000000070ee00000, 0x000000070ee00000, 0x000000070ef00000|  0%| F|  |TAMS 0x000000070ee00000, 0x000000070ee00000| Untracked 
| 211|0x000000070ef00000, 0x000000070ef00000, 0x000000070f000000|  0%| F|  |TAMS 0x000000070ef00000, 0x000000070ef00000| Untracked 
| 212|0x000000070f000000, 0x000000070f000000, 0x000000070f100000|  0%| F|  |TAMS 0x000000070f000000, 0x000000070f000000| Untracked 
| 213|0x000000070f100000, 0x000000070f100000, 0x000000070f200000|  0%| F|  |TAMS 0x000000070f100000, 0x000000070f100000| Untracked 
| 214|0x000000070f200000, 0x000000070f200000, 0x000000070f300000|  0%| F|  |TAMS 0x000000070f200000, 0x000000070f200000| Untracked 
| 215|0x000000070f300000, 0x000000070f300000, 0x000000070f400000|  0%| F|  |TAMS 0x000000070f300000, 0x000000070f300000| Untracked 
| 216|0x000000070f400000, 0x000000070f400000, 0x000000070f500000|  0%| F|  |TAMS 0x000000070f400000, 0x000000070f400000| Untracked 
| 217|0x000000070f500000, 0x000000070f500000, 0x000000070f600000|  0%| F|  |TAMS 0x000000070f500000, 0x000000070f500000| Untracked 
| 218|0x000000070f600000, 0x000000070f600000, 0x000000070f700000|  0%| F|  |TAMS 0x000000070f600000, 0x000000070f600000| Untracked 
| 219|0x000000070f700000, 0x000000070f700000, 0x000000070f800000|  0%| F|  |TAMS 0x000000070f700000, 0x000000070f700000| Untracked 
| 220|0x000000070f800000, 0x000000070f800000, 0x000000070f900000|  0%| F|  |TAMS 0x000000070f800000, 0x000000070f800000| Untracked 
| 221|0x000000070f900000, 0x000000070f900000, 0x000000070fa00000|  0%| F|  |TAMS 0x000000070f900000, 0x000000070f900000| Untracked 
| 222|0x000000070fa00000, 0x000000070fa00000, 0x000000070fb00000|  0%| F|  |TAMS 0x000000070fa00000, 0x000000070fa00000| Untracked 
| 223|0x000000070fb00000, 0x000000070fb00000, 0x000000070fc00000|  0%| F|  |TAMS 0x000000070fb00000, 0x000000070fb00000| Untracked 
| 224|0x000000070fc00000, 0x000000070fc00000, 0x000000070fd00000|  0%| F|  |TAMS 0x000000070fc00000, 0x000000070fc00000| Untracked 
| 225|0x000000070fd00000, 0x000000070fd00000, 0x000000070fe00000|  0%| F|  |TAMS 0x000000070fd00000, 0x000000070fd00000| Untracked 
| 226|0x000000070fe00000, 0x000000070fe00000, 0x000000070ff00000|  0%| F|  |TAMS 0x000000070fe00000, 0x000000070fe00000| Untracked 
| 227|0x000000070ff00000, 0x000000070ff00000, 0x0000000710000000|  0%| F|  |TAMS 0x000000070ff00000, 0x000000070ff00000| Untracked 
| 228|0x0000000710000000, 0x0000000710000000, 0x0000000710100000|  0%| F|  |TAMS 0x0000000710000000, 0x0000000710000000| Untracked 
| 229|0x0000000710100000, 0x0000000710100000, 0x0000000710200000|  0%| F|  |TAMS 0x0000000710100000, 0x0000000710100000| Untracked 
| 230|0x0000000710200000, 0x0000000710200000, 0x0000000710300000|  0%| F|  |TAMS 0x0000000710200000, 0x0000000710200000| Untracked 
| 231|0x0000000710300000, 0x0000000710300000, 0x0000000710400000|  0%| F|  |TAMS 0x0000000710300000, 0x0000000710300000| Untracked 
| 232|0x0000000710400000, 0x0000000710400000, 0x0000000710500000|  0%| F|  |TAMS 0x0000000710400000, 0x0000000710400000| Untracked 
| 233|0x0000000710500000, 0x0000000710500000, 0x0000000710600000|  0%| F|  |TAMS 0x0000000710500000, 0x0000000710500000| Untracked 
| 234|0x0000000710600000, 0x0000000710600000, 0x0000000710700000|  0%| F|  |TAMS 0x0000000710600000, 0x0000000710600000| Untracked 
| 235|0x0000000710700000, 0x0000000710700000, 0x0000000710800000|  0%| F|  |TAMS 0x0000000710700000, 0x0000000710700000| Untracked 
| 236|0x0000000710800000, 0x0000000710800000, 0x0000000710900000|  0%| F|  |TAMS 0x0000000710800000, 0x0000000710800000| Untracked 
| 237|0x0000000710900000, 0x0000000710900000, 0x0000000710a00000|  0%| F|  |TAMS 0x0000000710900000, 0x0000000710900000| Untracked 
| 238|0x0000000710a00000, 0x0000000710a00000, 0x0000000710b00000|  0%| F|  |TAMS 0x0000000710a00000, 0x0000000710a00000| Untracked 
| 239|0x0000000710b00000, 0x0000000710b00000, 0x0000000710c00000|  0%| F|  |TAMS 0x0000000710b00000, 0x0000000710b00000| Untracked 
| 240|0x0000000710c00000, 0x0000000710cdf0b0, 0x0000000710d00000| 87%| S|CS|TAMS 0x0000000710c00000, 0x0000000710c00000| Complete 
| 241|0x0000000710d00000, 0x0000000710e00000, 0x0000000710e00000|100%| S|CS|TAMS 0x0000000710d00000, 0x0000000710d00000| Complete 
| 242|0x0000000710e00000, 0x0000000710e00000, 0x0000000710f00000|  0%| F|  |TAMS 0x0000000710e00000, 0x0000000710e00000| Untracked 
| 243|0x0000000710f00000, 0x0000000710f00000, 0x0000000711000000|  0%| F|  |TAMS 0x0000000710f00000, 0x0000000710f00000| Untracked 
| 244|0x0000000711000000, 0x0000000711000000, 0x0000000711100000|  0%| F|  |TAMS 0x0000000711000000, 0x0000000711000000| Untracked 
| 245|0x0000000711100000, 0x0000000711100000, 0x0000000711200000|  0%| F|  |TAMS 0x0000000711100000, 0x0000000711100000| Untracked 
| 246|0x0000000711200000, 0x0000000711200000, 0x0000000711300000|  0%| F|  |TAMS 0x0000000711200000, 0x0000000711200000| Untracked 
| 247|0x0000000711300000, 0x0000000711300000, 0x0000000711400000|  0%| F|  |TAMS 0x0000000711300000, 0x0000000711300000| Untracked 
| 248|0x0000000711400000, 0x0000000711400000, 0x0000000711500000|  0%| F|  |TAMS 0x0000000711400000, 0x0000000711400000| Untracked 
| 249|0x0000000711500000, 0x0000000711500000, 0x0000000711600000|  0%| F|  |TAMS 0x0000000711500000, 0x0000000711500000| Untracked 
| 250|0x0000000711600000, 0x0000000711600000, 0x0000000711700000|  0%| F|  |TAMS 0x0000000711600000, 0x0000000711600000| Untracked 
| 251|0x0000000711700000, 0x0000000711700000, 0x0000000711800000|  0%| F|  |TAMS 0x0000000711700000, 0x0000000711700000| Untracked 
| 252|0x0000000711800000, 0x0000000711880800, 0x0000000711900000| 50%| E|  |TAMS 0x0000000711800000, 0x0000000711800000| Complete 
| 253|0x0000000711900000, 0x0000000711a00000, 0x0000000711a00000|100%| E|CS|TAMS 0x0000000711900000, 0x0000000711900000| Complete 
| 254|0x0000000711a00000, 0x0000000711b00000, 0x0000000711b00000|100%| E|CS|TAMS 0x0000000711a00000, 0x0000000711a00000| Complete 
| 255|0x0000000711b00000, 0x0000000711c00000, 0x0000000711c00000|100%| E|CS|TAMS 0x0000000711b00000, 0x0000000711b00000| Complete 

Card table byte_map: [0x0000022ac3c70000,0x0000022ac4470000] _byte_map_base: 0x0000022ac0462000

Marking Bits (Prev, Next): (CMBitMap*) 0x0000022aa9f6f528, (CMBitMap*) 0x0000022aa9f6f560
 Prev Bits: [0x0000022ac4c70000, 0x0000022ac8c00000)
 Next Bits: [0x0000022ac8c00000, 0x0000022accb90000)

Polling page: 0x0000022aa9d00000

Metaspace:

Usage:
  Non-class:     10.00 MB capacity,     9.70 MB ( 97%) used,   264.68 KB (  3%) free+waste,    40.06 KB ( <1%) overhead. 
      Class:      1.30 MB capacity,     1.11 MB ( 85%) used,   177.77 KB ( 13%) free+waste,    20.06 KB (  2%) overhead. 
       Both:     11.31 MB capacity,    10.81 MB ( 96%) used,   442.45 KB (  4%) free+waste,    60.13 KB ( <1%) overhead. 

Virtual space:
  Non-class space:       12.00 MB reserved,      10.25 MB ( 85%) committed 
      Class space:        1.00 GB reserved,       1.38 MB ( <1%) committed 
             Both:        1.01 GB reserved,      11.63 MB (  1%) committed 

Chunk freelists:
   Non-Class:  63.00 KB
       Class:  8.00 KB
        Both:  71.00 KB

MaxMetaspaceSize: 17179869184.00 GB
CompressedClassSpaceSize: 1.00 GB

CodeHeap 'non-profiled nmethods': size=120064Kb used=346Kb max_used=346Kb free=119717Kb
 bounds [0x0000022abb910000, 0x0000022abbb80000, 0x0000022ac2e50000]
CodeHeap 'profiled nmethods': size=120000Kb used=2077Kb max_used=2077Kb free=117922Kb
 bounds [0x0000022ab43e0000, 0x0000022ab4650000, 0x0000022abb910000]
CodeHeap 'non-nmethods': size=5696Kb used=1157Kb max_used=1173Kb free=4538Kb
 bounds [0x0000022ab3e50000, 0x0000022ab40c0000, 0x0000022ab43e0000]
 total_blobs=1458 nmethods=1096 adapters=281
 compilation: enabled
              stopped_count=0, restarted_count=0
 full_count=0

Compilation events (20 events):
Event: 1277.664 Thread 0x0000022acfb3e800 1087       1       org.junit.platform.engine.UniqueId$Segment::getType (5 bytes)
Event: 1277.664 Thread 0x0000022acfb3e800 nmethod 1087 0x0000022abb966410 code [0x0000022abb9665c0, 0x0000022abb966678]
Event: 1277.664 Thread 0x0000022acfb3e800 1088       1       org.junit.platform.engine.UniqueId$Segment::getValue (5 bytes)
Event: 1277.664 Thread 0x0000022acfb3e800 nmethod 1088 0x0000022abb966710 code [0x0000022abb9668c0, 0x0000022abb966978]
Event: 1277.664 Thread 0x0000022acfb3e800 1089       3       java.util.ArrayList::<init> (12 bytes)
Event: 1277.664 Thread 0x0000022acfb3e800 nmethod 1089 0x0000022ab45e4710 code [0x0000022ab45e48e0, 0x0000022ab45e4b78]
Event: 1277.664 Thread 0x0000022acfb3e800 1090       3       java.util.ArrayList$ArrayListSpliterator::getFence (35 bytes)
Event: 1277.664 Thread 0x0000022acfb3e800 nmethod 1090 0x0000022ab45e4c90 code [0x0000022ab45e4e40, 0x0000022ab45e4f98]
Event: 1277.664 Thread 0x0000022acfb3e800 1091       3       java.util.stream.Sink$ChainedReference::begin (11 bytes)
Event: 1277.664 Thread 0x0000022acfb3e800 nmethod 1091 0x0000022ab45e5090 code [0x0000022ab45e5240, 0x0000022ab45e5428]
Event: 1277.665 Thread 0x0000022acfb3e800 1092       3       java.util.ArrayList$ArrayListSpliterator::estimateSize (11 bytes)
Event: 1277.665 Thread 0x0000022acfb3e800 nmethod 1092 0x0000022ab45e5510 code [0x0000022ab45e56c0, 0x0000022ab45e5878]
Event: 1277.666 Thread 0x0000022acfb3e800 1093   !   3       com.sun.proxy.$Proxy8::annotationType (29 bytes)
Event: 1277.666 Thread 0x0000022acfb3e800 nmethod 1093 0x0000022ab45e5990 code [0x0000022ab45e5b80, 0x0000022ab45e5fd8]
Event: 1277.666 Thread 0x0000022acfb3e800 1094       3       java.util.ArrayList::spliterator (12 bytes)
Event: 1277.667 Thread 0x0000022acfb3e800 nmethod 1094 0x0000022ab45e6210 code [0x0000022ab45e63e0, 0x0000022ab45e6678]
Event: 1277.667 Thread 0x0000022acfb3e800 1095       3       java.util.ArrayList$ArrayListSpliterator::<init> (26 bytes)
Event: 1277.667 Thread 0x0000022acfb3e800 nmethod 1095 0x0000022ab45e6790 code [0x0000022ab45e6940, 0x0000022ab45e6b18]
Event: 1277.667 Thread 0x0000022acfb3e800 1096       3       java.util.stream.StreamSpliterators$AbstractWrappingSpliterator::characteristics (49 bytes)
Event: 1277.667 Thread 0x0000022acfb3e800 nmethod 1096 0x0000022ab45e6c10 code [0x0000022ab45e6e20, 0x0000022ab45e7528]

GC Heap History (2 events):
Event: 0.630 GC heap before
{Heap before GC invocations=0 (full 0):
 garbage-first heap   total 262144K, used 14336K [0x0000000701c00000, 0x0000000800000000)
  region size 1024K, 14 young (14336K), 0 survivors (0K)
 Metaspace       used 10654K, capacity 11073K, committed 11264K, reserved 1058816K
  class space    used 1069K, capacity 1231K, committed 1280K, reserved 1048576K
}
Event: 0.633 GC heap after
{Heap after GC invocations=1 (full 0):
 garbage-first heap   total 262144K, used 1916K [0x0000000701c00000, 0x0000000800000000)
  region size 1024K, 2 young (2048K), 2 survivors (2048K)
 Metaspace       used 10654K, capacity 11073K, committed 11264K, reserved 1058816K
  class space    used 1069K, capacity 1231K, committed 1280K, reserved 1048576K
}

Deoptimization events (20 events):
Event: 0.380 Thread 0x0000022aa9f0b000 Uncommon trap: trap_request=0xffffffde fr.pc=0x0000022abb91d520 relative=0x0000000000000fa0
Event: 0.380 Thread 0x0000022aa9f0b000 Uncommon trap: reason=class_check action=maybe_recompile pc=0x0000022abb91d520 method=java.util.HashMap.putVal(ILjava/lang/Object;Ljava/lang/Object;ZZ)Ljava/lang/Object; @ 253 c2
Event: 0.380 Thread 0x0000022aa9f0b000 DEOPT PACKING pc=0x0000022abb91d520 sp=0x0000004fbabfe610
Event: 0.380 Thread 0x0000022aa9f0b000 DEOPT UNPACKING pc=0x0000022ab3e8b3af sp=0x0000004fbabfe5c0 mode 2
Event: 0.380 Thread 0x0000022aa9f0b000 Uncommon trap: trap_request=0xffffff4d fr.pc=0x0000022abb93446c relative=0x000000000000030c
Event: 0.380 Thread 0x0000022aa9f0b000 Uncommon trap: reason=unstable_if action=reinterpret pc=0x0000022abb93446c method=java.util.HashMap.getNode(ILjava/lang/Object;)Ljava/util/HashMap$Node; @ 129 c2
Event: 0.380 Thread 0x0000022aa9f0b000 DEOPT PACKING pc=0x0000022abb93446c sp=0x0000004fbabfc3b0
Event: 0.380 Thread 0x0000022aa9f0b000 DEOPT UNPACKING pc=0x0000022ab3e8b3af sp=0x0000004fbabfc350 mode 2
Event: 0.380 Thread 0x0000022aa9f0b000 Uncommon trap: trap_request=0xffffff4d fr.pc=0x0000022abb91d4f0 relative=0x0000000000000f70
Event: 0.380 Thread 0x0000022aa9f0b000 Uncommon trap: reason=unstable_if action=reinterpret pc=0x0000022abb91d4f0 method=java.util.HashMap.putVal(ILjava/lang/Object;Ljava/lang/Object;ZZ)Ljava/lang/Object; @ 181 c2
Event: 0.380 Thread 0x0000022aa9f0b000 DEOPT PACKING pc=0x0000022abb91d4f0 sp=0x0000004fbabfc350
Event: 0.380 Thread 0x0000022aa9f0b000 DEOPT UNPACKING pc=0x0000022ab3e8b3af sp=0x0000004fbabfc300 mode 2
Event: 0.392 Thread 0x0000022aa9f0b000 DEOPT PACKING pc=0x0000022ab444f602 sp=0x0000004fbabfdaa0
Event: 0.392 Thread 0x0000022aa9f0b000 DEOPT UNPACKING pc=0x0000022ab3e8bb5e sp=0x0000004fbabfcf28 mode 0
Event: 0.604 Thread 0x0000022aa9f0b000 DEOPT PACKING pc=0x0000022ab44f8444 sp=0x0000004fbabfdd90
Event: 0.604 Thread 0x0000022aa9f0b000 DEOPT UNPACKING pc=0x0000022ab3e8bb5e sp=0x0000004fbabfd228 mode 1
Event: 0.604 Thread 0x0000022aa9f0b000 DEOPT PACKING pc=0x0000022ab44edae4 sp=0x0000004fbabfde60
Event: 0.604 Thread 0x0000022aa9f0b000 DEOPT UNPACKING pc=0x0000022ab3e8bb5e sp=0x0000004fbabfd318 mode 1
Event: 0.623 Thread 0x0000022aa9f0b000 DEOPT PACKING pc=0x0000022ab444ff23 sp=0x0000004fbabfd520
Event: 0.623 Thread 0x0000022aa9f0b000 DEOPT UNPACKING pc=0x0000022ab3e8bb5e sp=0x0000004fbabfc990 mode 0

Classes redefined (3 events):
Event: 1082.110 Thread 0x0000022acfaa3000 redefined class name=ru.netology.domian.RadioTest, count=1
Event: 1162.491 Thread 0x0000022acfaa3000 redefined class name=ru.netology.domian.Radio, count=1
Event: 1243.789 Thread 0x0000022acfaa3000 redefined class name=ru.netology.domian.Radio, count=2

Internal exceptions (20 events):
Event: 0.279 Thread 0x0000022aa9f0b000 Exception <a 'java/lang/NoSuchMethodError'{0x0000000711710e30}: 'java.lang.Object java.lang.invoke.DirectMethodHandle$Holder.invokeStaticInit(java.lang.Object, int)'> (0x0000000711710e30) thrown at [./src/hotspot/share/interpreter/linkResolver.cpp, line 773]
Event: 0.400 Thread 0x0000022aa9f0b000 Exception <a 'java/lang/NoSuchMethodError'{0x0000000711487670}: 'int java.lang.invoke.DirectMethodHandle$Holder.invokeVirtual(java.lang.Object, java.lang.Object)'> (0x0000000711487670) thrown at [./src/hotspot/share/interpreter/linkResolver.cpp, line 773]
Event: 0.414 Thread 0x0000022aa9f0b000 Exception <a 'java/lang/NoSuchMethodError'{0x00000007114ed5d0}: 'int java.lang.invoke.DirectMethodHandle$Holder.invokeSpecialIFC(java.lang.Object, java.lang.Object, java.lang.Object, java.lang.Object)'> (0x00000007114ed5d0) thrown at [./src/hotspot/share/interpreter/linkResolver.cpp, line 773]
Event: 0.437 Thread 0x0000022aa9f0b000 Exception <a 'java/lang/NoSuchMethodError'{0x00000007113d2fc0}: 'int java.lang.invoke.DirectMethodHandle$Holder.invokeSpecialIFC(java.lang.Object, java.lang.Object, int)'> (0x00000007113d2fc0) thrown at [./src/hotspot/share/interpreter/linkResolver.cpp, line 773]
Event: 0.441 Thread 0x0000022aa9f0b000 Exception <a 'java/lang/NoSuchMethodError'{0x00000007113f6a68}: 'java.lang.Object java.lang.invoke.DirectMethodHandle$Holder.invokeStaticInit(java.lang.Object, java.lang.Object, java.lang.Object)'> (0x00000007113f6a68) thrown at [./src/hotspot/share/interpreter/linkResolver.cpp, line 773]
Event: 0.442 Thread 0x0000022aa9f0b000 Exception <a 'java/lang/NoSuchMethodError'{0x00000007113fd900}: 'void java.lang.invoke.DirectMethodHandle$Holder.invokeStaticInit(java.lang.Object, java.lang.Object, java.lang.Object)'> (0x00000007113fd900) thrown at [./src/hotspot/share/interpreter/linkResolver.cpp, line 773]
Event: 0.447 Thread 0x0000022aa9f0b000 Exception <a 'java/lang/IncompatibleClassChangeError'{0x00000007112307c8}: Found class java.lang.Object, but interface was expected> (0x00000007112307c8) thrown at [./src/hotspot/share/interpreter/linkResolver.cpp, line 839]
Event: 0.467 Thread 0x0000022aa9f0b000 Exception <a 'java/lang/NoSuchMethodError'{0x0000000711107450}: 'java.lang.Object java.lang.invoke.DirectMethodHandle$Holder.invokeSpecialIFC(java.lang.Object, java.lang.Object, java.lang.Object, java.lang.Object)'> (0x0000000711107450) thrown at [./src/hotspot/share/interpreter/linkResolver.cpp, line 773]
Event: 0.511 Thread 0x0000022aa9f0b000 Exception <a 'java/lang/NoSuchMethodError'{0x00000007110500f8}: 'int java.lang.invoke.DirectMethodHandle$Holder.invokeVirtual(java.lang.Object, java.lang.Object, java.lang.Object)'> (0x00000007110500f8) thrown at [./src/hotspot/share/interpreter/linkResolver.cpp, line 773]
Event: 0.517 Thread 0x0000022aa9f0b000 Exception <a 'java/lang/NoSuchMethodError'{0x00000007110691b8}: 'void java.lang.invoke.DirectMethodHandle$Holder.invokeInterface(java.lang.Object, java.lang.Object)'> (0x00000007110691b8) thrown at [./src/hotspot/share/interpreter/linkResolver.cpp, line 773]
Event: 0.520 Thread 0x0000022aa9f0b000 Exception <a 'java/lang/IncompatibleClassChangeError'{0x000000071106be18}: Found class java.lang.Object, but interface was expected> (0x000000071106be18) thrown at [./src/hotspot/share/interpreter/linkResolver.cpp, line 839]
Event: 0.523 Thread 0x0000022aa9f0b000 Exception <a 'java/lang/NoSuchMethodError'{0x0000000711079008}: 'void java.lang.invoke.DirectMethodHandle$Holder.invokeStatic(java.lang.Object, java.lang.Object, java.lang.Object, java.lang.Object)'> (0x0000000711079008) thrown at [./src/hotspot/share/interpreter/linkResolver.cpp, line 773]
Event: 0.539 Thread 0x0000022aa9f0b000 Exception <a 'java/lang/NoSuchMethodError'{0x00000007110e71c8}: 'void java.lang.invoke.DirectMethodHandle$Holder.invokeInterface(java.lang.Object, java.lang.Object, java.lang.Object, java.lang.Object)'> (0x00000007110e71c8) thrown at [./src/hotspot/share/interpreter/linkResolver.cpp, line 773]
Event: 0.540 Thread 0x0000022aa9f0b000 Exception <a 'java/lang/IncompatibleClassChangeError'{0x00000007110e9f88}: Found class java.lang.Object, but interface was expected> (0x00000007110e9f88) thrown at [./src/hotspot/share/interpreter/linkResolver.cpp, line 839]
Event: 0.549 Thread 0x0000022aa9f0b000 Exception <a 'java/lang/NoSuchMethodError'{0x0000000710f081e0}: 'java.lang.Object java.lang.invoke.DirectMethodHandle$Holder.invokeVirtual(java.lang.Object, java.lang.Object, java.lang.Object)'> (0x0000000710f081e0) thrown at [./src/hotspot/share/interpreter/linkResolver.cpp, line 773]
Event: 0.604 Thread 0x0000022aa9f0b000 Exception <a 'java/lang/NoSuchMethodError'{0x0000000710e197d8}: 'void java.lang.invoke.DirectMethodHandle$Holder.invokeSpecial(java.lang.Object, java.lang.Object)'> (0x0000000710e197d8) thrown at [./src/hotspot/share/interpreter/linkResolver.cpp, line 773]
Event: 0.613 Thread 0x0000022aa9f0b000 Exception <a 'java/lang/NoSuchMethodError'{0x0000000710e67ab0}: 'int java.lang.invoke.DirectMethodHandle$Holder.invokeStatic(java.lang.Object, java.lang.Object, java.lang.Object, java.lang.Object, java.lang.Object)'> (0x0000000710e67ab0) thrown at [./src/hotspot/share/interpreter/linkResolver.cpp, line 773]
Event: 0.643 Thread 0x0000022aa9f0b000 Exception <a 'java/lang/NoSuchMethodError'{0x0000000711b25310}: 'int java.lang.invoke.DirectMethodHandle$Holder.invokeStaticInit(java.lang.Object, java.lang.Object, java.lang.Object)'> (0x0000000711b25310) thrown at [./src/hotspot/share/interpreter/linkResolver.cpp, line 773]
Event: 0.664 Thread 0x0000022aa9f0b000 Exception <a 'java/lang/NoSuchMethodError'{0x0000000711a60ac8}: 'int java.lang.invoke.DirectMethodHandle$Holder.invokeStaticInit(java.lang.Object, java.lang.Object)'> (0x0000000711a60ac8) thrown at [./src/hotspot/share/interpreter/linkResolver.cpp, line 773]
Event: 0.779 Thread 0x0000022aa9f0b000 Exception <a 'java/lang/NoSuchMethodError'{0x000000071191f328}: 'void java.lang.invoke.DirectMethodHandle$Holder.invokeStatic(java.lang.Object, java.lang.Object, java.lang.Object, java.lang.Object, java.lang.Object)'> (0x000000071191f328) thrown at [./src/hotspot/share/interpreter/linkResolver.cpp, line 773]

Events (20 events):
Event: 1244.162 Executing VM operation: GetStackTrace
Event: 1244.162 Executing VM operation: GetStackTrace done
Event: 1277.661 Thread 0x0000022acff8f000 Thread exited: 0x0000022acff8f000
Event: 1277.661 Executing VM operation: ChangeBreakpoints
Event: 1277.661 Executing VM operation: ChangeBreakpoints done
Event: 1277.662 Executing VM operation: ChangeBreakpoints
Event: 1277.662 Executing VM operation: ChangeBreakpoints done
Event: 1277.662 Executing VM operation: ChangeBreakpoints
Event: 1277.662 Executing VM operation: ChangeBreakpoints done
Event: 1277.662 Executing VM operation: ChangeBreakpoints
Event: 1277.662 Executing VM operation: ChangeBreakpoints done
Event: 1277.662 Executing VM operation: ChangeBreakpoints
Event: 1277.662 Executing VM operation: ChangeBreakpoints done
Event: 1277.662 Executing VM operation: ChangeBreakpoints
Event: 1277.662 Executing VM operation: ChangeBreakpoints done
Event: 1277.662 Executing VM operation: ChangeBreakpoints
Event: 1277.662 Executing VM operation: ChangeBreakpoints done
Event: 1277.662 Executing VM operation: ChangeBreakpoints
Event: 1277.662 Executing VM operation: ChangeBreakpoints done
Event: 1277.663 Thread 0x0000022acfdf9800 Thread exited: 0x0000022acfdf9800


Dynamic libraries:
0x00007ff600b70000 - 0x00007ff600b7d000 	C:\Program Files\AdoptOpenJDK\jdk-11.0.11.9-hotspot\bin\java.exe
0x00007ffebe430000 - 0x00007ffebe625000 	C:\Windows\SYSTEM32\ntdll.dll
0x00007ffebd240000 - 0x00007ffebd2fe000 	C:\Windows\System32\KERNEL32.DLL
0x00007ffebbd90000 - 0x00007ffebc059000 	C:\Windows\System32\KERNELBASE.dll
0x00007ffebc270000 - 0x00007ffebc370000 	C:\Windows\System32\ucrtbase.dll
0x00007ffeb5b50000 - 0x00007ffeb5b65000 	C:\Program Files\AdoptOpenJDK\jdk-11.0.11.9-hotspot\bin\VCRUNTIME140.dll
0x00007ffeb6d70000 - 0x00007ffeb6d87000 	C:\Program Files\AdoptOpenJDK\jdk-11.0.11.9-hotspot\bin\jli.dll
0x00007ffebe130000 - 0x00007ffebe2d1000 	C:\Windows\System32\USER32.dll
0x00007ffebbcb0000 - 0x00007ffebbcd2000 	C:\Windows\System32\win32u.dll
0x00007ffebe100000 - 0x00007ffebe12b000 	C:\Windows\System32\GDI32.dll
0x00007ffebc370000 - 0x00007ffebc47b000 	C:\Windows\System32\gdi32full.dll
0x00007ffebc0f0000 - 0x00007ffebc18d000 	C:\Windows\System32\msvcp_win.dll
0x00007ffea2a70000 - 0x00007ffea2d0a000 	C:\Windows\WinSxS\amd64_microsoft.windows.common-controls_6595b64144ccf1df_6.0.19041.1110_none_60b5254171f9507e\COMCTL32.dll
0x00007ffebd680000 - 0x00007ffebd71e000 	C:\Windows\System32\msvcrt.dll
0x00007ffebd380000 - 0x00007ffebd3b0000 	C:\Windows\System32\IMM32.DLL
0x00007ffeb3ec0000 - 0x00007ffeb3f5b000 	C:\Program Files\AdoptOpenJDK\jdk-11.0.11.9-hotspot\bin\msvcp140.dll
0x00007ffe44940000 - 0x00007ffe4548b000 	C:\Program Files\AdoptOpenJDK\jdk-11.0.11.9-hotspot\bin\server\jvm.dll
0x00007ffebc4f0000 - 0x00007ffebc59c000 	C:\Windows\System32\ADVAPI32.dll
0x00007ffebe2e0000 - 0x00007ffebe37b000 	C:\Windows\System32\sechost.dll
0x00007ffebdae0000 - 0x00007ffebdc0a000 	C:\Windows\System32\RPCRT4.dll
0x00007ffebe0f0000 - 0x00007ffebe0f8000 	C:\Windows\System32\PSAPI.DLL
0x00007ffeb72e0000 - 0x00007ffeb72e9000 	C:\Windows\SYSTEM32\WSOCK32.dll
0x00007ffebe380000 - 0x00007ffebe3eb000 	C:\Windows\System32\WS2_32.dll
0x00007ffeb3600000 - 0x00007ffeb360a000 	C:\Windows\SYSTEM32\VERSION.dll
0x00007ffea2ec0000 - 0x00007ffea2ee7000 	C:\Windows\SYSTEM32\WINMM.dll
0x00007ffeba420000 - 0x00007ffeba432000 	C:\Windows\SYSTEM32\kernel.appcore.dll
0x00007ffeb73e0000 - 0x00007ffeb73f0000 	C:\Program Files\AdoptOpenJDK\jdk-11.0.11.9-hotspot\bin\verify.dll
0x00007ffeba1c0000 - 0x00007ffeba3a4000 	C:\Windows\SYSTEM32\DBGHELP.DLL
0x00007ffea8650000 - 0x00007ffea867c000 	C:\Windows\SYSTEM32\dbgcore.DLL
0x00007ffebc060000 - 0x00007ffebc0e3000 	C:\Windows\System32\bcryptPrimitives.dll
0x00007ffeb5a90000 - 0x00007ffeb5ab8000 	C:\Program Files\AdoptOpenJDK\jdk-11.0.11.9-hotspot\bin\java.dll
0x00007ffeb7320000 - 0x00007ffeb732a000 	C:\Program Files\AdoptOpenJDK\jdk-11.0.11.9-hotspot\bin\jimage.dll
0x00007ffeac2c0000 - 0x00007ffeac2f8000 	C:\Program Files\AdoptOpenJDK\jdk-11.0.11.9-hotspot\bin\jdwp.dll
0x00007ffeb73f0000 - 0x00007ffeb73fe000 	C:\Program Files\AdoptOpenJDK\jdk-11.0.11.9-hotspot\bin\instrument.dll
0x00007ffeb59d0000 - 0x00007ffeb59e7000 	C:\Program Files\AdoptOpenJDK\jdk-11.0.11.9-hotspot\bin\zip.dll
0x00007ffebc910000 - 0x00007ffebd04f000 	C:\Windows\System32\SHELL32.dll
0x00007ffeb9960000 - 0x00007ffeba0f0000 	C:\Windows\SYSTEM32\windows.storage.dll
0x00007ffebd720000 - 0x00007ffebda75000 	C:\Windows\System32\combase.dll
0x00007ffebb5a0000 - 0x00007ffebb5cc000 	C:\Windows\SYSTEM32\Wldp.dll
0x00007ffebd5c0000 - 0x00007ffebd66d000 	C:\Windows\System32\SHCORE.dll
0x00007ffebc700000 - 0x00007ffebc755000 	C:\Windows\System32\shlwapi.dll
0x00007ffebba90000 - 0x00007ffebbaaf000 	C:\Windows\SYSTEM32\profapi.dll
0x00007ffeb7310000 - 0x00007ffeb731a000 	C:\Program Files\AdoptOpenJDK\jdk-11.0.11.9-hotspot\bin\dt_socket.dll
0x00007ffebb300000 - 0x00007ffebb36a000 	C:\Windows\system32\mswsock.dll
0x00007ffeb5910000 - 0x00007ffeb5929000 	C:\Program Files\AdoptOpenJDK\jdk-11.0.11.9-hotspot\bin\net.dll
0x00007ffeaab70000 - 0x00007ffeaac78000 	C:\Windows\SYSTEM32\WINHTTP.dll
0x00007ffeb48a0000 - 0x00007ffeb48b2000 	C:\Program Files\AdoptOpenJDK\jdk-11.0.11.9-hotspot\bin\nio.dll

dbghelp: loaded successfully - version: 4.0.5 - missing functions: none
symbol engine: initialized successfully - sym options: 0x614 - pdb path: .;C:\Program Files\AdoptOpenJDK\jdk-11.0.11.9-hotspot\bin;C:\Windows\SYSTEM32;C:\Windows\WinSxS\amd64_microsoft.windows.common-controls_6595b64144ccf1df_6.0.19041.1110_none_60b5254171f9507e;C:\Program Files\AdoptOpenJDK\jdk-11.0.11.9-hotspot\bin\server

VM Arguments:
jvm_args: -agentlib:jdwp=transport=dt_socket,address=127.0.0.1:64629,suspend=y,server=n -ea -Didea.test.cyclic.buffer.size=1048576 -javaagent:C:\Users\79015\AppData\Local\JetBrains\IdeaIC2021.2\captureAgent\debugger-agent.jar -Dfile.encoding=UTF-8 
java_command: com.intellij.rt.junit.JUnitStarter -ideVersion5 -junit5 ru.netology.domian.RadioTest
java_class_path (initial): C:\Program Files\JetBrains\IntelliJ IDEA Community Edition 2021.2.1\lib\idea_rt.jar;C:\Users\79015\.m2\repository\org\junit\platform\junit-platform-launcher\1.4.2\junit-platform-launcher-1.4.2.jar;C:\Program Files\JetBrains\IntelliJ IDEA Community Edition 2021.2.1\plugins\junit\lib\junit5-rt.jar;C:\Program Files\JetBrains\IntelliJ IDEA Community Edition 2021.2.1\plugins\junit\lib\junit-rt.jar;C:\Radioman\target\test-classes;C:\Radioman\target\classes;C:\Users\79015\.m2\repository\org\junit\jupiter\junit-jupiter\5.4.2\junit-jupiter-5.4.2.jar;C:\Users\79015\.m2\repository\org\junit\jupiter\junit-jupiter-api\5.4.2\junit-jupiter-api-5.4.2.jar;C:\Users\79015\.m2\repository\org\apiguardian\apiguardian-api\1.0.0\apiguardian-api-1.0.0.jar;C:\Users\79015\.m2\repository\org\opentest4j\opentest4j\1.1.1\opentest4j-1.1.1.jar;C:\Users\79015\.m2\repository\org\junit\platform\junit-platform-commons\1.4.2\junit-platform-commons-1.4.2.jar;C:\Users\79015\.m2\repository\org\junit\jupiter\junit-jupiter-params\5.4.2\junit-jupiter-params-5.4.2.jar;C:\Users\79015\.m2\repository\org\junit\jupiter\junit-jupiter-engine\5.4.2\junit-jupiter-engine-5.4.2.jar;C:\Users\79015\.m2\repository\org\junit\platform\junit-platform-engine\1.4.2\junit-platform-engine-1.4.2.jar
Launcher Type: SUN_STANDARD

[Global flags]
     intx CICompilerCount                          = 3                                         {product} {ergonomic}
     uint ConcGCThreads                            = 1                                         {product} {ergonomic}
     uint G1ConcRefinementThreads                  = 4                                         {product} {ergonomic}
   size_t G1HeapRegionSize                         = 1048576                                   {product} {ergonomic}
    uintx GCDrainStackTargetSize                   = 64                                        {product} {ergonomic}
   size_t InitialHeapSize                          = 268435456                                 {product} {ergonomic}
   size_t MarkStackSize                            = 4194304                                   {product} {ergonomic}
   size_t MaxHeapSize                              = 4265607168                                {product} {ergonomic}
   size_t MaxNewSize                               = 2558525440                                {product} {ergonomic}
   size_t MinHeapDeltaBytes                        = 1048576                                   {product} {ergonomic}
    uintx NonNMethodCodeHeapSize                   = 5830732                                {pd product} {ergonomic}
    uintx NonProfiledCodeHeapSize                  = 122913754                              {pd product} {ergonomic}
    uintx ProfiledCodeHeapSize                     = 122913754                              {pd product} {ergonomic}
    uintx ReservedCodeCacheSize                    = 251658240                              {pd product} {ergonomic}
     bool SegmentedCodeCache                       = true                                      {product} {ergonomic}
     bool UseCompressedClassPointers               = true                                 {lp64_product} {ergonomic}
     bool UseCompressedOops                        = true                                 {lp64_product} {ergonomic}
     bool UseG1GC                                  = true                                      {product} {ergonomic}
     bool UseLargePagesIndividualAllocation        = false                                  {pd product} {ergonomic}

Logging:
Log output configuration:
 #0: stdout all=warning uptime,level,tags
 #1: stderr all=off uptime,level,tags

Environment Variables:
PATH=C:\Program Files\AdoptOpenJDK\jdk-11.0.11.9-hotspot\bin;C:\Windows\system32;C:\Windows;C:\Windows\System32\Wbem;C:\Windows\System32\WindowsPowerShell\v1.0\;C:\Windows\System32\OpenSSH\;C:\Program Files\Git\cmd;C:\Users\79015\AppData\Local\Microsoft\WindowsApps;C:\Users\79015\AppData\Local\atom\bin;C:\Users\79015\AppData\Local\Programs\Microsoft VS Code\bin
USERNAME=79015
OS=Windows_NT
PROCESSOR_IDENTIFIER=Intel64 Family 6 Model 158 Stepping 9, GenuineIntel



---------------  S Y S T E M  ---------------

OS: Windows 10 , 64 bit Build 19041 (10.0.19041.1202)
OS uptime: 5 days 14:24 hours

CPU:total 4 (initial active 4) (4 cores per cpu, 1 threads per core) family 6 model 158 stepping 9 microcode 0xb4, cmov, cx8, fxsr, mmx, sse, sse2, sse3, ssse3, sse4.1, sse4.2, popcnt, avx, avx2, aes, clmul, erms, 3dnowpref, lzcnt, tsc, tscinvbit, bmi1, bmi2, adx, fma

Memory: 4k page, system-wide physical 16267M (8775M free)
TotalPageFile size 18699M (AvailPageFile size 6444M)
current process WorkingSet (physical memory assigned to process): 66M, peak: 72M
current process commit charge ("private bytes"): 342M, peak: 347M

vm_info: OpenJDK 64-Bit Server VM (11.0.11+9) for windows-amd64 JRE (11.0.11+9), built on Apr 20 2021 21:22:09 by "" with MS VC++ 15.9 (VS2017)

END.
